SF:lib\models\event.dart
DA:10,1
DA:11,1
DA:12,1
DA:13,1
DA:14,3
DA:15,1
DA:16,2
DA:38,1
DA:55,1
DA:56,1
DA:57,1
DA:58,1
DA:59,1
DA:60,1
DA:61,1
DA:62,1
DA:63,1
DA:64,2
DA:65,2
DA:66,1
DA:67,2
DA:68,2
DA:69,1
DA:70,2
DA:71,2
DA:72,2
DA:73,1
DA:74,1
DA:75,1
DA:76,2
DA:86,1
DA:92,1
DA:93,1
DA:94,1
DA:95,1
DA:96,1
DA:97,1
DA:120,1
DA:138,1
DA:139,1
DA:140,1
DA:141,1
DA:142,1
DA:143,1
DA:144,1
DA:145,1
DA:146,2
DA:147,2
DA:148,2
DA:149,1
DA:150,2
DA:151,2
DA:152,1
DA:153,2
DA:154,2
DA:155,1
DA:156,1
DA:157,1
DA:158,1
DA:159,1
DA:160,1
DA:161,2
DA:177,1
DA:188,1
DA:189,1
DA:190,1
DA:191,1
DA:192,1
DA:193,1
DA:194,2
DA:195,2
DA:196,1
DA:197,3
DA:198,3
DA:213,1
DA:223,1
DA:224,1
DA:225,1
DA:226,1
DA:227,1
DA:228,1
DA:229,1
DA:230,2
DA:231,2
LF:84
LH:84
end_of_record
SF:lib\models\tickets.dart
DA:15,1
DA:29,1
DA:30,1
DA:31,1
DA:32,1
DA:33,1
DA:34,1
DA:35,1
DA:36,1
DA:37,1
DA:38,2
DA:39,2
DA:40,1
DA:41,2
DA:42,2
DA:54,1
DA:71,1
DA:79,1
DA:80,1
DA:81,1
DA:82,1
DA:83,1
DA:84,1
DA:85,2
DA:86,2
LF:25
LH:25
end_of_record
SF:lib\models\question.dart
DA:10,1
DA:19,1
DA:20,1
DA:21,1
DA:22,1
DA:23,1
DA:24,1
DA:25,2
DA:26,2
DA:27,1
DA:28,2
DA:29,2
DA:30,2
DA:31,2
DA:32,2
DA:33,3
DA:34,3
DA:47,1
DA:60,1
DA:64,1
DA:65,1
DA:66,1
DA:67,3
DA:68,1
DA:79,0
DA:84,0
DA:85,0
DA:86,0
DA:87,0
DA:88,0
LF:30
LH:24
end_of_record
SF:lib\models\organizer.dart
DA:6,2
DA:14,2
DA:16,1
DA:17,1
DA:18,2
LF:5
LH:5
end_of_record
SF:lib\models\user.dart
DA:8,1
DA:16,1
DA:17,1
DA:18,2
DA:19,2
DA:20,2
DA:21,2
DA:22,3
DA:33,1
DA:39,2
DA:40,3
DA:41,1
DA:42,3
DA:43,1
DA:60,1
DA:70,1
DA:71,1
DA:72,1
DA:73,1
DA:74,1
DA:75,1
DA:76,1
DA:77,1
DA:78,2
DA:79,2
DA:87,1
DA:91,1
DA:92,1
DA:93,1
DA:94,1
DA:107,1
DA:115,1
DA:116,1
DA:117,2
DA:118,2
DA:119,2
DA:120,2
DA:121,2
DA:122,2
LF:39
LH:39
end_of_record
